2023-03-15 13:48:13.888  INFO 13092 --- [main] org.project.VideoExpositionStarter       : Starting VideoExpositionStarter using Java 17.0.6 on DESKTOP-JIQQNUS with PID 13092 (C:\Exo\MY-MEDIA-MONITOR-BACK\ExpositionLayer\target\classes started by Stagiaire in C:\Exo\MY-MEDIA-MONITOR-BACK)
2023-03-15 13:48:13.904  INFO 13092 --- [main] org.project.VideoExpositionStarter       : No active profile set, falling back to 1 default profile: "default"
2023-03-15 13:48:15.394  INFO 13092 --- [main] .s.d.r.c.RepositoryConfigurationDelegate : Bootstrapping Spring Data JPA repositories in DEFAULT mode.
2023-03-15 13:48:15.531  INFO 13092 --- [main] .s.d.r.c.RepositoryConfigurationDelegate : Finished Spring Data repository scanning in 118 ms. Found 5 JPA repository interfaces.
2023-03-15 13:48:16.639  INFO 13092 --- [main] o.s.b.w.embedded.tomcat.TomcatWebServer  : Tomcat initialized with port(s): 8080 (http)
2023-03-15 13:48:16.654  INFO 13092 --- [main] o.apache.catalina.core.StandardService   : Starting service [Tomcat]
2023-03-15 13:48:16.655  INFO 13092 --- [main] org.apache.catalina.core.StandardEngine  : Starting Servlet engine: [Apache Tomcat/9.0.70]
2023-03-15 13:48:16.843  INFO 13092 --- [main] o.a.c.c.C.[Tomcat].[localhost].[/]       : Initializing Spring embedded WebApplicationContext
2023-03-15 13:48:16.844  INFO 13092 --- [main] w.s.c.ServletWebServerApplicationContext : Root WebApplicationContext: initialization completed in 2771 ms
2023-03-15 13:48:17.253  INFO 13092 --- [main] o.hibernate.jpa.internal.util.LogHelper  : HHH000204: Processing PersistenceUnitInfo [name: default]
2023-03-15 13:48:17.420  INFO 13092 --- [main] org.hibernate.Version                    : HHH000412: Hibernate ORM core version 5.6.14.Final
2023-03-15 13:48:17.755  INFO 13092 --- [main] o.hibernate.annotations.common.Version   : HCANN000001: Hibernate Commons Annotations {5.1.2.Final}
2023-03-15 13:48:17.953  INFO 13092 --- [main] com.zaxxer.hikari.HikariDataSource       : HikariPool-1 - Starting...
2023-03-15 13:48:18.144  INFO 13092 --- [main] com.zaxxer.hikari.HikariDataSource       : HikariPool-1 - Start completed.
2023-03-15 13:48:18.179  INFO 13092 --- [main] org.hibernate.dialect.Dialect            : HHH000400: Using dialect: org.hibernate.dialect.PostgreSQL95Dialect
2023-03-15 13:48:19.302  INFO 13092 --- [main] o.h.e.t.j.p.i.JtaPlatformInitiator       : HHH000490: Using JtaPlatform implementation: [org.hibernate.engine.transaction.jta.platform.internal.NoJtaPlatform]
2023-03-15 13:48:19.313  INFO 13092 --- [main] j.LocalContainerEntityManagerFactoryBean : Initialized JPA EntityManagerFactory for persistence unit 'default'
2023-03-15 13:48:20.186  WARN 13092 --- [main] JpaBaseConfiguration$JpaWebConfiguration : spring.jpa.open-in-view is enabled by default. Therefore, database queries may be performed during view rendering. Explicitly configure spring.jpa.open-in-view to disable this warning
2023-03-15 13:48:20.805  INFO 13092 --- [main] o.s.b.w.embedded.tomcat.TomcatWebServer  : Tomcat started on port(s): 8080 (http) with context path ''
2023-03-15 13:48:21.191  INFO 13092 --- [main] org.project.VideoExpositionStarter       : Started VideoExpositionStarter in 8.284 seconds (JVM running for 8.995)
2023-03-15 13:49:16.194  INFO 13092 --- [http-nio-8080-exec-2] o.a.c.c.C.[Tomcat].[localhost].[/]       : Initializing Spring DispatcherServlet 'dispatcherServlet'
2023-03-15 13:49:16.195  INFO 13092 --- [http-nio-8080-exec-2] o.s.web.servlet.DispatcherServlet        : Initializing Servlet 'dispatcherServlet'
2023-03-15 13:49:16.197  INFO 13092 --- [http-nio-8080-exec-2] o.s.web.servlet.DispatcherServlet        : Completed initialization in 2 ms
2023-03-15 13:49:16.400  INFO 13092 --- [http-nio-8080-exec-2] org.project.exposition.rest.ClientApi    : save client : t@free.fr
2023-03-15 13:49:16.870 ERROR 13092 --- [http-nio-8080-exec-2] o.a.c.c.C.[.[.[/].[dispatcherServlet]    : Servlet.service() for servlet [dispatcherServlet] in context with path [] threw exception [Request processing failed; nested exception is java.lang.NullPointerException: Cannot invoke "java.util.List.get(int)" because the return value of "org.project.domain.Client.getFollowedTVShow()" is null] with root cause

java.lang.NullPointerException: Cannot invoke "java.util.List.get(int)" because the return value of "org.project.domain.Client.getFollowedTVShow()" is null
	at org.project.service.ClientServiceImpl.createClientNotInDatabase(ClientServiceImpl.java:377) ~[classes/:na]
	at org.project.service.ClientServiceImpl.update(ClientServiceImpl.java:396) ~[classes/:na]
	at org.project.exposition.rest.ClientApi.create(ClientApi.java:105) ~[classes/:na]
	at java.base/jdk.internal.reflect.NativeMethodAccessorImpl.invoke0(Native Method) ~[na:na]
	at java.base/jdk.internal.reflect.NativeMethodAccessorImpl.invoke(NativeMethodAccessorImpl.java:77) ~[na:na]
	at java.base/jdk.internal.reflect.DelegatingMethodAccessorImpl.invoke(DelegatingMethodAccessorImpl.java:43) ~[na:na]
	at java.base/java.lang.reflect.Method.invoke(Method.java:568) ~[na:na]
	at org.springframework.web.method.support.InvocableHandlerMethod.doInvoke(InvocableHandlerMethod.java:205) ~[spring-web-5.3.24.jar:5.3.24]
	at org.springframework.web.method.support.InvocableHandlerMethod.invokeForRequest(InvocableHandlerMethod.java:150) ~[spring-web-5.3.24.jar:5.3.24]
	at org.springframework.web.servlet.mvc.method.annotation.ServletInvocableHandlerMethod.invokeAndHandle(ServletInvocableHandlerMethod.java:117) ~[spring-webmvc-5.3.24.jar:5.3.24]
	at org.springframework.web.servlet.mvc.method.annotation.RequestMappingHandlerAdapter.invokeHandlerMethod(RequestMappingHandlerAdapter.java:895) ~[spring-webmvc-5.3.24.jar:5.3.24]
	at org.springframework.web.servlet.mvc.method.annotation.RequestMappingHandlerAdapter.handleInternal(RequestMappingHandlerAdapter.java:808) ~[spring-webmvc-5.3.24.jar:5.3.24]
	at org.springframework.web.servlet.mvc.method.AbstractHandlerMethodAdapter.handle(AbstractHandlerMethodAdapter.java:87) ~[spring-webmvc-5.3.24.jar:5.3.24]
	at org.springframework.web.servlet.DispatcherServlet.doDispatch(DispatcherServlet.java:1071) ~[spring-webmvc-5.3.24.jar:5.3.24]
	at org.springframework.web.servlet.DispatcherServlet.doService(DispatcherServlet.java:964) ~[spring-webmvc-5.3.24.jar:5.3.24]
	at org.springframework.web.servlet.FrameworkServlet.processRequest(FrameworkServlet.java:1006) ~[spring-webmvc-5.3.24.jar:5.3.24]
	at org.springframework.web.servlet.FrameworkServlet.doPost(FrameworkServlet.java:909) ~[spring-webmvc-5.3.24.jar:5.3.24]
	at javax.servlet.http.HttpServlet.service(HttpServlet.java:696) ~[tomcat-embed-core-9.0.70.jar:4.0.FR]
	at org.springframework.web.servlet.FrameworkServlet.service(FrameworkServlet.java:883) ~[spring-webmvc-5.3.24.jar:5.3.24]
	at javax.servlet.http.HttpServlet.service(HttpServlet.java:779) ~[tomcat-embed-core-9.0.70.jar:4.0.FR]
	at org.apache.catalina.core.ApplicationFilterChain.internalDoFilter(ApplicationFilterChain.java:227) ~[tomcat-embed-core-9.0.70.jar:9.0.70]
	at org.apache.catalina.core.ApplicationFilterChain.doFilter(ApplicationFilterChain.java:162) ~[tomcat-embed-core-9.0.70.jar:9.0.70]
	at org.apache.tomcat.websocket.server.WsFilter.doFilter(WsFilter.java:53) ~[tomcat-embed-websocket-9.0.70.jar:9.0.70]
	at org.apache.catalina.core.ApplicationFilterChain.internalDoFilter(ApplicationFilterChain.java:189) ~[tomcat-embed-core-9.0.70.jar:9.0.70]
	at org.apache.catalina.core.ApplicationFilterChain.doFilter(ApplicationFilterChain.java:162) ~[tomcat-embed-core-9.0.70.jar:9.0.70]
	at org.springframework.web.filter.RequestContextFilter.doFilterInternal(RequestContextFilter.java:100) ~[spring-web-5.3.24.jar:5.3.24]
	at org.springframework.web.filter.OncePerRequestFilter.doFilter(OncePerRequestFilter.java:117) ~[spring-web-5.3.24.jar:5.3.24]
	at org.apache.catalina.core.ApplicationFilterChain.internalDoFilter(ApplicationFilterChain.java:189) ~[tomcat-embed-core-9.0.70.jar:9.0.70]
	at org.apache.catalina.core.ApplicationFilterChain.doFilter(ApplicationFilterChain.java:162) ~[tomcat-embed-core-9.0.70.jar:9.0.70]
	at org.springframework.web.filter.FormContentFilter.doFilterInternal(FormContentFilter.java:93) ~[spring-web-5.3.24.jar:5.3.24]
	at org.springframework.web.filter.OncePerRequestFilter.doFilter(OncePerRequestFilter.java:117) ~[spring-web-5.3.24.jar:5.3.24]
	at org.apache.catalina.core.ApplicationFilterChain.internalDoFilter(ApplicationFilterChain.java:189) ~[tomcat-embed-core-9.0.70.jar:9.0.70]
	at org.apache.catalina.core.ApplicationFilterChain.doFilter(ApplicationFilterChain.java:162) ~[tomcat-embed-core-9.0.70.jar:9.0.70]
	at org.springframework.web.filter.CharacterEncodingFilter.doFilterInternal(CharacterEncodingFilter.java:201) ~[spring-web-5.3.24.jar:5.3.24]
	at org.springframework.web.filter.OncePerRequestFilter.doFilter(OncePerRequestFilter.java:117) ~[spring-web-5.3.24.jar:5.3.24]
	at org.apache.catalina.core.ApplicationFilterChain.internalDoFilter(ApplicationFilterChain.java:189) ~[tomcat-embed-core-9.0.70.jar:9.0.70]
	at org.apache.catalina.core.ApplicationFilterChain.doFilter(ApplicationFilterChain.java:162) ~[tomcat-embed-core-9.0.70.jar:9.0.70]
	at org.apache.catalina.core.StandardWrapperValve.invoke(StandardWrapperValve.java:177) ~[tomcat-embed-core-9.0.70.jar:9.0.70]
	at org.apache.catalina.core.StandardContextValve.invoke(StandardContextValve.java:97) ~[tomcat-embed-core-9.0.70.jar:9.0.70]
	at org.apache.catalina.authenticator.AuthenticatorBase.invoke(AuthenticatorBase.java:541) ~[tomcat-embed-core-9.0.70.jar:9.0.70]
	at org.apache.catalina.core.StandardHostValve.invoke(StandardHostValve.java:135) ~[tomcat-embed-core-9.0.70.jar:9.0.70]
	at org.apache.catalina.valves.ErrorReportValve.invoke(ErrorReportValve.java:92) ~[tomcat-embed-core-9.0.70.jar:9.0.70]
	at org.apache.catalina.core.StandardEngineValve.invoke(StandardEngineValve.java:78) ~[tomcat-embed-core-9.0.70.jar:9.0.70]
	at org.apache.catalina.connector.CoyoteAdapter.service(CoyoteAdapter.java:360) ~[tomcat-embed-core-9.0.70.jar:9.0.70]
	at org.apache.coyote.http11.Http11Processor.service(Http11Processor.java:399) ~[tomcat-embed-core-9.0.70.jar:9.0.70]
	at org.apache.coyote.AbstractProcessorLight.process(AbstractProcessorLight.java:65) ~[tomcat-embed-core-9.0.70.jar:9.0.70]
	at org.apache.coyote.AbstractProtocol$ConnectionHandler.process(AbstractProtocol.java:891) ~[tomcat-embed-core-9.0.70.jar:9.0.70]
	at org.apache.tomcat.util.net.NioEndpoint$SocketProcessor.doRun(NioEndpoint.java:1784) ~[tomcat-embed-core-9.0.70.jar:9.0.70]
	at org.apache.tomcat.util.net.SocketProcessorBase.run(SocketProcessorBase.java:49) ~[tomcat-embed-core-9.0.70.jar:9.0.70]
	at org.apache.tomcat.util.threads.ThreadPoolExecutor.runWorker(ThreadPoolExecutor.java:1191) ~[tomcat-embed-core-9.0.70.jar:9.0.70]
	at org.apache.tomcat.util.threads.ThreadPoolExecutor$Worker.run(ThreadPoolExecutor.java:659) ~[tomcat-embed-core-9.0.70.jar:9.0.70]
	at org.apache.tomcat.util.threads.TaskThread$WrappingRunnable.run(TaskThread.java:61) ~[tomcat-embed-core-9.0.70.jar:9.0.70]
	at java.base/java.lang.Thread.run(Thread.java:833) ~[na:na]

2023-03-15 13:51:48.793  INFO 13092 --- [SpringApplicationShutdownHook] j.LocalContainerEntityManagerFactoryBean : Closing JPA EntityManagerFactory for persistence unit 'default'
2023-03-15 13:51:48.798  INFO 13092 --- [SpringApplicationShutdownHook] com.zaxxer.hikari.HikariDataSource       : HikariPool-1 - Shutdown initiated...
2023-03-15 13:51:48.809  INFO 13092 --- [SpringApplicationShutdownHook] com.zaxxer.hikari.HikariDataSource       : HikariPool-1 - Shutdown completed.
2023-03-15 13:51:57.380  INFO 16224 --- [main] org.project.VideoExpositionStarter       : Starting VideoExpositionStarter using Java 17.0.6 on DESKTOP-JIQQNUS with PID 16224 (C:\Exo\MY-MEDIA-MONITOR-BACK\ExpositionLayer\target\classes started by Stagiaire in C:\Exo\MY-MEDIA-MONITOR-BACK)
2023-03-15 13:51:57.383  INFO 16224 --- [main] org.project.VideoExpositionStarter       : No active profile set, falling back to 1 default profile: "default"
2023-03-15 13:51:58.736  INFO 16224 --- [main] .s.d.r.c.RepositoryConfigurationDelegate : Bootstrapping Spring Data JPA repositories in DEFAULT mode.
2023-03-15 13:51:58.847  INFO 16224 --- [main] .s.d.r.c.RepositoryConfigurationDelegate : Finished Spring Data repository scanning in 95 ms. Found 5 JPA repository interfaces.
2023-03-15 13:52:00.022  INFO 16224 --- [main] o.s.b.w.embedded.tomcat.TomcatWebServer  : Tomcat initialized with port(s): 8080 (http)
2023-03-15 13:52:00.038  INFO 16224 --- [main] o.apache.catalina.core.StandardService   : Starting service [Tomcat]
2023-03-15 13:52:00.039  INFO 16224 --- [main] org.apache.catalina.core.StandardEngine  : Starting Servlet engine: [Apache Tomcat/9.0.70]
2023-03-15 13:52:00.227  INFO 16224 --- [main] o.a.c.c.C.[Tomcat].[localhost].[/]       : Initializing Spring embedded WebApplicationContext
2023-03-15 13:52:00.228  INFO 16224 --- [main] w.s.c.ServletWebServerApplicationContext : Root WebApplicationContext: initialization completed in 2749 ms
2023-03-15 13:52:00.537  INFO 16224 --- [main] o.hibernate.jpa.internal.util.LogHelper  : HHH000204: Processing PersistenceUnitInfo [name: default]
2023-03-15 13:52:00.642  INFO 16224 --- [main] org.hibernate.Version                    : HHH000412: Hibernate ORM core version 5.6.14.Final
2023-03-15 13:52:00.920  INFO 16224 --- [main] o.hibernate.annotations.common.Version   : HCANN000001: Hibernate Commons Annotations {5.1.2.Final}
2023-03-15 13:52:01.114  INFO 16224 --- [main] com.zaxxer.hikari.HikariDataSource       : HikariPool-1 - Starting...
2023-03-15 13:52:01.287  INFO 16224 --- [main] com.zaxxer.hikari.HikariDataSource       : HikariPool-1 - Start completed.
2023-03-15 13:52:01.319  INFO 16224 --- [main] org.hibernate.dialect.Dialect            : HHH000400: Using dialect: org.hibernate.dialect.PostgreSQL95Dialect
2023-03-15 13:52:02.446  INFO 16224 --- [main] o.h.e.t.j.p.i.JtaPlatformInitiator       : HHH000490: Using JtaPlatform implementation: [org.hibernate.engine.transaction.jta.platform.internal.NoJtaPlatform]
2023-03-15 13:52:02.457  INFO 16224 --- [main] j.LocalContainerEntityManagerFactoryBean : Initialized JPA EntityManagerFactory for persistence unit 'default'
2023-03-15 13:52:03.499  WARN 16224 --- [main] JpaBaseConfiguration$JpaWebConfiguration : spring.jpa.open-in-view is enabled by default. Therefore, database queries may be performed during view rendering. Explicitly configure spring.jpa.open-in-view to disable this warning
2023-03-15 13:52:04.349  INFO 16224 --- [main] o.s.b.w.embedded.tomcat.TomcatWebServer  : Tomcat started on port(s): 8080 (http) with context path ''
2023-03-15 13:52:04.975  INFO 16224 --- [main] org.project.VideoExpositionStarter       : Started VideoExpositionStarter in 8.284 seconds (JVM running for 8.928)
2023-03-15 13:52:19.585  INFO 16224 --- [http-nio-8080-exec-1] o.a.c.c.C.[Tomcat].[localhost].[/]       : Initializing Spring DispatcherServlet 'dispatcherServlet'
2023-03-15 13:52:19.585  INFO 16224 --- [http-nio-8080-exec-1] o.s.web.servlet.DispatcherServlet        : Initializing Servlet 'dispatcherServlet'
2023-03-15 13:52:19.588  INFO 16224 --- [http-nio-8080-exec-1] o.s.web.servlet.DispatcherServlet        : Completed initialization in 2 ms
2023-03-15 13:52:19.696  INFO 16224 --- [http-nio-8080-exec-1] org.project.exposition.rest.ClientApi    : save client : t@free.fr
2023-03-15 14:03:16.118  INFO 16224 --- [SpringApplicationShutdownHook] j.LocalContainerEntityManagerFactoryBean : Closing JPA EntityManagerFactory for persistence unit 'default'
2023-03-15 14:03:16.140  INFO 16224 --- [SpringApplicationShutdownHook] com.zaxxer.hikari.HikariDataSource       : HikariPool-1 - Shutdown initiated...
2023-03-15 14:03:16.165  INFO 16224 --- [SpringApplicationShutdownHook] com.zaxxer.hikari.HikariDataSource       : HikariPool-1 - Shutdown completed.
2023-03-15 14:03:25.050  INFO 16116 --- [main] org.project.VideoExpositionStarter       : Starting VideoExpositionStarter using Java 17.0.6 on DESKTOP-JIQQNUS with PID 16116 (C:\Exo\MY-MEDIA-MONITOR-BACK\ExpositionLayer\target\classes started by Stagiaire in C:\Exo\MY-MEDIA-MONITOR-BACK)
2023-03-15 14:03:25.056  INFO 16116 --- [main] org.project.VideoExpositionStarter       : No active profile set, falling back to 1 default profile: "default"
2023-03-15 14:03:26.401  INFO 16116 --- [main] .s.d.r.c.RepositoryConfigurationDelegate : Bootstrapping Spring Data JPA repositories in DEFAULT mode.
2023-03-15 14:03:26.524  INFO 16116 --- [main] .s.d.r.c.RepositoryConfigurationDelegate : Finished Spring Data repository scanning in 102 ms. Found 5 JPA repository interfaces.
2023-03-15 14:03:27.662  INFO 16116 --- [main] o.s.b.w.embedded.tomcat.TomcatWebServer  : Tomcat initialized with port(s): 8080 (http)
2023-03-15 14:03:27.693  INFO 16116 --- [main] o.apache.catalina.core.StandardService   : Starting service [Tomcat]
2023-03-15 14:03:27.694  INFO 16116 --- [main] org.apache.catalina.core.StandardEngine  : Starting Servlet engine: [Apache Tomcat/9.0.70]
2023-03-15 14:03:27.931  INFO 16116 --- [main] o.a.c.c.C.[Tomcat].[localhost].[/]       : Initializing Spring embedded WebApplicationContext
2023-03-15 14:03:27.933  INFO 16116 --- [main] w.s.c.ServletWebServerApplicationContext : Root WebApplicationContext: initialization completed in 2785 ms
2023-03-15 14:03:28.247  INFO 16116 --- [main] o.hibernate.jpa.internal.util.LogHelper  : HHH000204: Processing PersistenceUnitInfo [name: default]
2023-03-15 14:03:28.405  INFO 16116 --- [main] org.hibernate.Version                    : HHH000412: Hibernate ORM core version 5.6.14.Final
2023-03-15 14:03:28.696  INFO 16116 --- [main] o.hibernate.annotations.common.Version   : HCANN000001: Hibernate Commons Annotations {5.1.2.Final}
2023-03-15 14:03:28.865  INFO 16116 --- [main] com.zaxxer.hikari.HikariDataSource       : HikariPool-1 - Starting...
2023-03-15 14:03:29.038  INFO 16116 --- [main] com.zaxxer.hikari.HikariDataSource       : HikariPool-1 - Start completed.
2023-03-15 14:03:29.073  INFO 16116 --- [main] org.hibernate.dialect.Dialect            : HHH000400: Using dialect: org.hibernate.dialect.PostgreSQL95Dialect
2023-03-15 14:03:30.201  INFO 16116 --- [main] o.h.e.t.j.p.i.JtaPlatformInitiator       : HHH000490: Using JtaPlatform implementation: [org.hibernate.engine.transaction.jta.platform.internal.NoJtaPlatform]
2023-03-15 14:03:30.212  INFO 16116 --- [main] j.LocalContainerEntityManagerFactoryBean : Initialized JPA EntityManagerFactory for persistence unit 'default'
2023-03-15 14:03:31.299  WARN 16116 --- [main] JpaBaseConfiguration$JpaWebConfiguration : spring.jpa.open-in-view is enabled by default. Therefore, database queries may be performed during view rendering. Explicitly configure spring.jpa.open-in-view to disable this warning
2023-03-15 14:03:32.117  INFO 16116 --- [main] o.s.b.w.embedded.tomcat.TomcatWebServer  : Tomcat started on port(s): 8080 (http) with context path ''
2023-03-15 14:03:33.233  INFO 16116 --- [main] org.project.VideoExpositionStarter       : Started VideoExpositionStarter in 8.896 seconds (JVM running for 9.523)
2023-03-15 14:06:39.580  INFO 16116 --- [SpringApplicationShutdownHook] j.LocalContainerEntityManagerFactoryBean : Closing JPA EntityManagerFactory for persistence unit 'default'
2023-03-15 14:06:39.585  INFO 16116 --- [SpringApplicationShutdownHook] com.zaxxer.hikari.HikariDataSource       : HikariPool-1 - Shutdown initiated...
2023-03-15 14:06:39.597  INFO 16116 --- [SpringApplicationShutdownHook] com.zaxxer.hikari.HikariDataSource       : HikariPool-1 - Shutdown completed.
2023-03-15 14:06:48.203  INFO 5688 --- [main] org.project.VideoExpositionStarter       : Starting VideoExpositionStarter using Java 17.0.6 on DESKTOP-JIQQNUS with PID 5688 (C:\Exo\MY-MEDIA-MONITOR-BACK\ExpositionLayer\target\classes started by Stagiaire in C:\Exo\MY-MEDIA-MONITOR-BACK)
2023-03-15 14:06:48.209  INFO 5688 --- [main] org.project.VideoExpositionStarter       : No active profile set, falling back to 1 default profile: "default"
2023-03-15 14:06:49.578  INFO 5688 --- [main] .s.d.r.c.RepositoryConfigurationDelegate : Bootstrapping Spring Data JPA repositories in DEFAULT mode.
2023-03-15 14:06:49.702  INFO 5688 --- [main] .s.d.r.c.RepositoryConfigurationDelegate : Finished Spring Data repository scanning in 101 ms. Found 5 JPA repository interfaces.
2023-03-15 14:06:50.729  INFO 5688 --- [main] o.s.b.w.embedded.tomcat.TomcatWebServer  : Tomcat initialized with port(s): 8080 (http)
2023-03-15 14:06:50.755  INFO 5688 --- [main] o.apache.catalina.core.StandardService   : Starting service [Tomcat]
2023-03-15 14:06:50.755  INFO 5688 --- [main] org.apache.catalina.core.StandardEngine  : Starting Servlet engine: [Apache Tomcat/9.0.70]
2023-03-15 14:06:50.975  INFO 5688 --- [main] o.a.c.c.C.[Tomcat].[localhost].[/]       : Initializing Spring embedded WebApplicationContext
2023-03-15 14:06:50.975  INFO 5688 --- [main] w.s.c.ServletWebServerApplicationContext : Root WebApplicationContext: initialization completed in 2654 ms
2023-03-15 14:06:51.318  INFO 5688 --- [main] o.hibernate.jpa.internal.util.LogHelper  : HHH000204: Processing PersistenceUnitInfo [name: default]
2023-03-15 14:06:51.461  INFO 5688 --- [main] org.hibernate.Version                    : HHH000412: Hibernate ORM core version 5.6.14.Final
2023-03-15 14:06:51.751  INFO 5688 --- [main] o.hibernate.annotations.common.Version   : HCANN000001: Hibernate Commons Annotations {5.1.2.Final}
2023-03-15 14:06:51.924  INFO 5688 --- [main] com.zaxxer.hikari.HikariDataSource       : HikariPool-1 - Starting...
2023-03-15 14:06:52.097  INFO 5688 --- [main] com.zaxxer.hikari.HikariDataSource       : HikariPool-1 - Start completed.
2023-03-15 14:06:52.130  INFO 5688 --- [main] org.hibernate.dialect.Dialect            : HHH000400: Using dialect: org.hibernate.dialect.PostgreSQL95Dialect
2023-03-15 14:06:53.294  INFO 5688 --- [main] o.h.e.t.j.p.i.JtaPlatformInitiator       : HHH000490: Using JtaPlatform implementation: [org.hibernate.engine.transaction.jta.platform.internal.NoJtaPlatform]
2023-03-15 14:06:53.306  INFO 5688 --- [main] j.LocalContainerEntityManagerFactoryBean : Initialized JPA EntityManagerFactory for persistence unit 'default'
2023-03-15 14:06:54.320  WARN 5688 --- [main] JpaBaseConfiguration$JpaWebConfiguration : spring.jpa.open-in-view is enabled by default. Therefore, database queries may be performed during view rendering. Explicitly configure spring.jpa.open-in-view to disable this warning
2023-03-15 14:06:55.015  INFO 5688 --- [main] o.s.b.w.embedded.tomcat.TomcatWebServer  : Tomcat started on port(s): 8080 (http) with context path ''
2023-03-15 14:06:55.465  INFO 5688 --- [main] org.project.VideoExpositionStarter       : Started VideoExpositionStarter in 7.973 seconds (JVM running for 8.638)
2023-03-15 14:07:41.958  INFO 5688 --- [http-nio-8080-exec-1] o.a.c.c.C.[Tomcat].[localhost].[/]       : Initializing Spring DispatcherServlet 'dispatcherServlet'
2023-03-15 14:07:41.958  INFO 5688 --- [http-nio-8080-exec-1] o.s.web.servlet.DispatcherServlet        : Initializing Servlet 'dispatcherServlet'
2023-03-15 14:07:41.961  INFO 5688 --- [http-nio-8080-exec-1] o.s.web.servlet.DispatcherServlet        : Completed initialization in 1 ms
2023-03-15 14:07:42.144  INFO 5688 --- [http-nio-8080-exec-1] org.project.exposition.rest.ClientApi    : save client : a@free.fr
2023-03-15 14:07:42.599  INFO 5688 --- [http-nio-8080-exec-1] org.project.service.ClientServiceImpl    : client saved
2023-03-15 14:08:37.778  INFO 5688 --- [http-nio-8080-exec-3] org.project.exposition.rest.ClientApi    : save client : c@free.fr
2023-03-15 14:08:37.795  INFO 5688 --- [http-nio-8080-exec-3] org.project.service.ClientServiceImpl    : client saved
2023-03-15 14:12:28.713  INFO 5688 --- [http-nio-8080-exec-6] org.project.exposition.rest.ClientApi    : save client : c@free.fr
2023-03-15 14:12:28.720  INFO 5688 --- [http-nio-8080-exec-6] org.project.service.ClientServiceImpl    : client saved
2023-03-15 14:13:00.788  INFO 5688 --- [http-nio-8080-exec-7] org.project.exposition.rest.ClientApi    : save client : c@free.fr
2023-03-15 14:13:00.795  INFO 5688 --- [http-nio-8080-exec-7] org.project.service.ClientServiceImpl    : followedMovie added to the list
2023-03-15 14:13:00.937  INFO 5688 --- [http-nio-8080-exec-7] org.project.service.ClientServiceImpl    : client saved
2023-03-15 14:15:07.850  INFO 5688 --- [http-nio-8080-exec-10] org.project.exposition.rest.ClientApi    : findFollowedMovie client : c@free.fr
2023-03-15 14:15:07.854  INFO 5688 --- [http-nio-8080-exec-10] org.project.service.ClientServiceImpl    : client found in database : c@free.fr
2023-03-15 14:16:15.290  INFO 5688 --- [http-nio-8080-exec-3] org.project.exposition.rest.ClientApi    : save client : c@free.fr
2023-03-15 14:16:15.298  INFO 5688 --- [http-nio-8080-exec-3] org.project.service.ClientServiceImpl    : client saved
2023-03-15 14:16:38.056  INFO 5688 --- [http-nio-8080-exec-4] org.project.exposition.rest.ClientApi    : save client : c@free.fr
2023-03-15 14:16:38.063  INFO 5688 --- [http-nio-8080-exec-4] org.project.service.ClientServiceImpl    : followedTVShow added to the list
2023-03-15 14:16:38.077  INFO 5688 --- [http-nio-8080-exec-4] org.project.service.ClientServiceImpl    : client saved
2023-03-15 14:17:17.551  INFO 5688 --- [http-nio-8080-exec-5] org.project.exposition.rest.ClientApi    : findFollowedTVShow client : c@free.fr
2023-03-15 14:17:17.555  INFO 5688 --- [http-nio-8080-exec-5] org.project.service.ClientServiceImpl    : client found in database : c@free.fr
2023-03-15 14:33:10.652  INFO 5688 --- [http-nio-8080-exec-7] org.project.exposition.rest.ClientApi    : findFollowedMovie client : c@free.fr
2023-03-15 14:33:10.713  INFO 5688 --- [http-nio-8080-exec-7] org.project.service.ClientServiceImpl    : client found in database : c@free.fr
2023-03-15 14:33:22.000  INFO 5688 --- [http-nio-8080-exec-9] org.project.exposition.rest.ClientApi    : findFollowedMovie client : a@free.fr
2023-03-15 14:33:22.015  INFO 5688 --- [http-nio-8080-exec-9] org.project.service.ClientServiceImpl    : client found in database : a@free.fr
2023-03-15 14:33:38.656  INFO 5688 --- [http-nio-8080-exec-10] org.project.exposition.rest.ClientApi    : findFollowedMovie client : u@free.fr
2023-03-15 14:33:44.684  INFO 5688 --- [http-nio-8080-exec-2] org.project.exposition.rest.ClientApi    : findFollowedMovie client : y@free.fr
